<?xml version="1.0" encoding="UTF-8"?>
<!-- Generated by org.testng.reporters.JUnitReportReporter -->
<testsuite skipped="0" hostname="ip-AC1A0612" name="helloworld_madan.Test1" tests="4" failures="0" timestamp="2020-06-28T19:50:34 UTC" time="0.016" errors="0">
  <testcase name="div" time="0.013" classname="helloworld_madan.Test1"/>
  <system-out/>
  <testcase name="sub" time="0.001" classname="helloworld_madan.Test1"/>
  <system-out/>
  <testcase name="mul" time="0.000" classname="helloworld_madan.Test1"/>
  <system-out/>
  <testcase name="sum" time="0.002" classname="helloworld_madan.Test1"/>
  <system-out/>
</testsuite> <!-- helloworld_madan.Test1 -->
